# JRE version: OpenJDK Runtime Environment Temurin-21.0.10+7 (21.0.10+7) (build 21.0.10+7-LTS)
# Java VM: OpenJDK 64-Bit Server VM Temurin-21.0.10+7 (21.0.10+7-LTS, mixed mode, sharing, tiered, compressed oops, compressed class ptrs, g1 gc, windows-amd64)
GC Precious Log:
 CardTable entry size: 512
 Card Set container configuration: InlinePtr #cards 5 size 8 Array Of Cards #cards 12 size 40 Howl #buckets 4 coarsen threshold 1843 Howl Bitmap #cards 512 size 80 coarsen threshold 460 Card regions per heap region 1 cards per card region 2048
 CPUs: 8 total, 8 available
 Memory: 7834M
 Large Page Support: Disabled
 NUMA Support: Disabled
 Compressed Oops: Enabled (32-bit)
 Heap Region Size: 1M
 Heap Min Capacity: 256M
 Heap Initial Capacity: 256M
 Heap Max Capacity: 512M
 Pre-touch: Disabled
 Parallel Workers: 8
 Concurrent Workers: 2
 Concurrent Refinement Workers: 8
 Periodic GC: Disabled
Heap:
 garbage-first heap   total 262144K, used 87370K [0x00000000e0000000, 0x0000000100000000)
  region size 1024K, 63 young (64512K), 17 survivors (17408K)
 Metaspace       used 55584K, committed 57152K, reserved 393216K
  class space    used 7999K, committed 8768K, reserved 327680K
GC Heap History (14 events):
Event: 1.121 GC heap before
{Heap before GC invocations=0 (full 0):
 garbage-first heap   total 262144K, used 26624K [0x00000000e0000000, 0x0000000100000000)
  region size 1024K, 23 young (23552K), 0 survivors (0K)
 Metaspace       used 1139K, committed 1280K, reserved 393216K
  class space    used 86K, committed 128K, reserved 327680K
}
Event: 1.127 GC heap after
{Heap after GC invocations=1 (full 0):
 garbage-first heap   total 262144K, used 10335K [0x00000000e0000000, 0x0000000100000000)
  region size 1024K, 3 young (3072K), 3 survivors (3072K)
 Metaspace       used 1139K, committed 1280K, reserved 393216K
  class space    used 86K, committed 128K, reserved 327680K
}
Event: 3.329 GC heap before
{Heap before GC invocations=1 (full 0):
 garbage-first heap   total 262144K, used 41055K [0x00000000e0000000, 0x0000000100000000)
  region size 1024K, 33 young (33792K), 3 survivors (3072K)
 Metaspace       used 4292K, committed 4480K, reserved 393216K
  class space    used 546K, committed 640K, reserved 327680K
}
Event: 3.336 GC heap after
{Heap after GC invocations=2 (full 0):
 garbage-first heap   total 262144K, used 12292K [0x00000000e0000000, 0x0000000100000000)
  region size 1024K, 2 young (2048K), 2 survivors (2048K)
 Metaspace       used 4292K, committed 4480K, reserved 393216K
  class space    used 546K, committed 640K, reserved 327680K
}
Event: 10.530 GC heap before
{Heap before GC invocations=2 (full 0):
 garbage-first heap   total 262144K, used 143364K [0x00000000e0000000, 0x0000000100000000)
  region size 1024K, 129 young (132096K), 2 survivors (2048K)
 Metaspace       used 20757K, committed 21504K, reserved 393216K
  class space    used 3059K, committed 3456K, reserved 327680K
}
Event: 10.552 GC heap after
{Heap after GC invocations=3 (full 0):
 garbage-first heap   total 262144K, used 25096K [0x00000000e0000000, 0x0000000100000000)
  region size 1024K, 14 young (14336K), 14 survivors (14336K)
 Metaspace       used 20757K, committed 21504K, reserved 393216K
  class space    used 3059K, committed 3456K, reserved 327680K
}
Event: 14.923 GC heap before
{Heap before GC invocations=4 (full 0):
 garbage-first heap   total 262144K, used 117256K [0x00000000e0000000, 0x0000000100000000)
  region size 1024K, 106 young (108544K), 14 survivors (14336K)
 Metaspace       used 34772K, committed 35968K, reserved 393216K
  class space    used 5169K, committed 5760K, reserved 327680K
}
Event: 14.956 GC heap after
{Heap after GC invocations=5 (full 0):
 garbage-first heap   total 262144K, used 31897K [0x00000000e0000000, 0x0000000100000000)
  region size 1024K, 7 young (7168K), 7 survivors (7168K)
 Metaspace       used 34772K, committed 35968K, reserved 393216K
  class space    used 5169K, committed 5760K, reserved 327680K
}
Event: 15.007 GC heap before
{Heap before GC invocations=5 (full 0):
 garbage-first heap   total 262144K, used 31897K [0x00000000e0000000, 0x0000000100000000)
  region size 1024K, 8 young (8192K), 7 survivors (7168K)
 Metaspace       used 35028K, committed 36288K, reserved 393216K
  class space    used 5177K, committed 5824K, reserved 327680K
}
Event: 15.019 GC heap after
{Heap after GC invocations=6 (full 0):
 garbage-first heap   total 262144K, used 32091K [0x00000000e0000000, 0x0000000100000000)
  region size 1024K, 7 young (7168K), 7 survivors (7168K)
 Metaspace       used 35028K, committed 36288K, reserved 393216K
  class space    used 5177K, committed 5824K, reserved 327680K
}
Event: 15.136 GC heap before
{Heap before GC invocations=6 (full 0):
 garbage-first heap   total 262144K, used 35163K [0x00000000e0000000, 0x0000000100000000)
  region size 1024K, 11 young (11264K), 7 survivors (7168K)
 Metaspace       used 35390K, committed 36608K, reserved 393216K
  class space    used 5217K, committed 5824K, reserved 327680K
}
Event: 15.148 GC heap after
{Heap after GC invocations=7 (full 0):
 garbage-first heap   total 262144K, used 33802K [0x00000000e0000000, 0x0000000100000000)
  region size 1024K, 9 young (9216K), 9 survivors (9216K)
 Metaspace       used 35390K, committed 36608K, reserved 393216K
  class space    used 5217K, committed 5824K, reserved 327680K
}
Event: 22.018 GC heap before
{Heap before GC invocations=8 (full 0):
 garbage-first heap   total 262144K, used 187402K [0x00000000e0000000, 0x0000000100000000)
  region size 1024K, 153 young (156672K), 9 survivors (9216K)
 Metaspace       used 50664K, committed 52288K, reserved 393216K
  class space    used 7319K, committed 8128K, reserved 327680K
}
Event: 22.050 GC heap after
{Heap after GC invocations=9 (full 0):
 garbage-first heap   total 262144K, used 42314K [0x00000000e0000000, 0x0000000100000000)
  region size 1024K, 17 young (17408K), 17 survivors (17408K)
 Metaspace       used 50664K, committed 52288K, reserved 393216K
  class space    used 7319K, committed 8128K, reserved 327680K
}

