# JRE version: OpenJDK Runtime Environment Temurin-21.0.10+7 (21.0.10+7) (build 21.0.10+7-LTS)
# Java VM: OpenJDK 64-Bit Server VM Temurin-21.0.10+7 (21.0.10+7-LTS, mixed mode, sharing, tiered, compressed oops, compressed class ptrs, g1 gc, windows-amd64)
GC Precious Log:
 CardTable entry size: 512
 Card Set container configuration: InlinePtr #cards 4 size 8 Array Of Cards #cards 32 size 80 Howl #buckets 8 coarsen threshold 7372 Howl Bitmap #cards 1024 size 144 coarsen threshold 921 Card regions per heap region 1 cards per card region 8192
 CPUs: 8 total, 8 available
 Memory: 7834M
 Large Page Support: Disabled
 NUMA Support: Disabled
 Compressed Oops: Enabled (Zero based)
 Heap Region Size: 4M
 Heap Min Capacity: 8M
 Heap Initial Capacity: 124M
 Heap Max Capacity: 8G
 Pre-touch: Disabled
 Parallel Workers: 8
 Concurrent Workers: 2
 Concurrent Refinement Workers: 8
 Periodic GC: Disabled
Heap:
 garbage-first heap   total 110592K, used 99001K [0x0000000600000000, 0x0000000800000000)
  region size 4096K, 14 young (57344K), 2 survivors (8192K)
 Metaspace       used 57031K, committed 58944K, reserved 1114112K
  class space    used 8364K, committed 9280K, reserved 1048576K
GC Heap History (20 events):
Event: 4.615 GC heap after
{Heap after GC invocations=3 (full 0):
 garbage-first heap   total 126976K, used 17760K [0x0000000600000000, 0x0000000800000000)
  region size 4096K, 2 young (8192K), 2 survivors (8192K)
 Metaspace       used 5686K, committed 5888K, reserved 1114112K
  class space    used 771K, committed 832K, reserved 1048576K
}
Event: 7.931 GC heap before
{Heap before GC invocations=3 (full 0):
 garbage-first heap   total 126976K, used 83296K [0x0000000600000000, 0x0000000800000000)
  region size 4096K, 18 young (73728K), 2 survivors (8192K)
 Metaspace       used 17681K, committed 18176K, reserved 1114112K
  class space    used 2533K, committed 2752K, reserved 1048576K
}
Event: 7.942 GC heap after
{Heap after GC invocations=4 (full 0):
 garbage-first heap   total 126976K, used 23206K [0x0000000600000000, 0x0000000800000000)
  region size 4096K, 3 young (12288K), 3 survivors (12288K)
 Metaspace       used 17681K, committed 18176K, reserved 1114112K
  class space    used 2533K, committed 2752K, reserved 1048576K
}
Event: 8.626 GC heap before
{Heap before GC invocations=4 (full 0):
 garbage-first heap   total 126976K, used 47782K [0x0000000600000000, 0x0000000800000000)
  region size 4096K, 10 young (40960K), 3 survivors (12288K)
 Metaspace       used 20868K, committed 21504K, reserved 1114112K
  class space    used 3085K, committed 3392K, reserved 1048576K
}
Event: 8.639 GC heap after
{Heap after GC invocations=5 (full 0):
 garbage-first heap   total 126976K, used 24068K [0x0000000600000000, 0x0000000800000000)
  region size 4096K, 2 young (8192K), 2 survivors (8192K)
 Metaspace       used 20868K, committed 21504K, reserved 1114112K
  class space    used 3085K, committed 3392K, reserved 1048576K
}
Event: 12.011 GC heap before
{Heap before GC invocations=6 (full 0):
 garbage-first heap   total 98304K, used 89604K [0x0000000600000000, 0x0000000800000000)
  region size 4096K, 18 young (73728K), 2 survivors (8192K)
 Metaspace       used 31023K, committed 32000K, reserved 1114112K
  class space    used 4537K, committed 4992K, reserved 1048576K
}
Event: 12.029 GC heap after
{Heap after GC invocations=7 (full 0):
 garbage-first heap   total 110592K, used 30638K [0x0000000600000000, 0x0000000800000000)
  region size 4096K, 2 young (8192K), 2 survivors (8192K)
 Metaspace       used 31023K, committed 32000K, reserved 1114112K
  class space    used 4537K, committed 4992K, reserved 1048576K
}
Event: 13.865 GC heap before
{Heap before GC invocations=7 (full 0):
 garbage-first heap   total 110592K, used 71598K [0x0000000600000000, 0x0000000800000000)
  region size 4096K, 14 young (57344K), 2 survivors (8192K)
 Metaspace       used 34961K, committed 35968K, reserved 1114112K
  class space    used 4966K, committed 5440K, reserved 1048576K
}
Event: 13.878 GC heap after
{Heap after GC invocations=8 (full 0):
 garbage-first heap   total 110592K, used 34088K [0x0000000600000000, 0x0000000800000000)
  region size 4096K, 1 young (4096K), 1 survivors (4096K)
 Metaspace       used 34961K, committed 35968K, reserved 1114112K
  class space    used 4966K, committed 5440K, reserved 1048576K
}
Event: 14.026 GC heap before
{Heap before GC invocations=8 (full 0):
 garbage-first heap   total 110592K, used 34088K [0x0000000600000000, 0x0000000800000000)
  region size 4096K, 2 young (8192K), 1 survivors (4096K)
 Metaspace       used 35255K, committed 36288K, reserved 1114112K
  class space    used 5021K, committed 5504K, reserved 1048576K
}
Event: 14.030 GC heap after
{Heap after GC invocations=9 (full 0):
 garbage-first heap   total 110592K, used 33732K [0x0000000600000000, 0x0000000800000000)
  region size 4096K, 1 young (4096K), 1 survivors (4096K)
 Metaspace       used 35255K, committed 36288K, reserved 1114112K
  class space    used 5021K, committed 5504K, reserved 1048576K
}
Event: 16.007 GC heap before
{Heap before GC invocations=10 (full 0):
 garbage-first heap   total 110592K, used 91076K [0x0000000600000000, 0x0000000800000000)
  region size 4096K, 15 young (61440K), 1 survivors (4096K)
 Metaspace       used 39347K, committed 40576K, reserved 1114112K
  class space    used 5581K, committed 6208K, reserved 1048576K
}
Event: 16.014 GC heap after
{Heap after GC invocations=11 (full 0):
 garbage-first heap   total 110592K, used 36066K [0x0000000600000000, 0x0000000800000000)
  region size 4096K, 2 young (8192K), 2 survivors (8192K)
 Metaspace       used 39347K, committed 40576K, reserved 1114112K
  class space    used 5581K, committed 6208K, reserved 1048576K
}
Event: 17.782 GC heap before
{Heap before GC invocations=11 (full 0):
 garbage-first heap   total 110592K, used 89314K [0x0000000600000000, 0x0000000800000000)
  region size 4096K, 15 young (61440K), 2 survivors (8192K)
 Metaspace       used 43503K, committed 45120K, reserved 1114112K
  class space    used 6258K, committed 7040K, reserved 1048576K
}
Event: 17.790 GC heap after
{Heap after GC invocations=12 (full 0):
 garbage-first heap   total 110592K, used 38023K [0x0000000600000000, 0x0000000800000000)
  region size 4096K, 2 young (8192K), 2 survivors (8192K)
 Metaspace       used 43503K, committed 45120K, reserved 1114112K
  class space    used 6258K, committed 7040K, reserved 1048576K
}
Event: 20.041 GC heap before
{Heap before GC invocations=12 (full 0):
 garbage-first heap   total 110592K, used 91271K [0x0000000600000000, 0x0000000800000000)
  region size 4096K, 15 young (61440K), 2 survivors (8192K)
 Metaspace       used 48554K, committed 50368K, reserved 1114112K
  class space    used 7091K, committed 8000K, reserved 1048576K
}
Event: 20.050 GC heap after
{Heap after GC invocations=13 (full 0):
 garbage-first heap   total 110592K, used 41548K [0x0000000600000000, 0x0000000800000000)
  region size 4096K, 2 young (8192K), 2 survivors (8192K)
 Metaspace       used 48554K, committed 50368K, reserved 1114112K
  class space    used 7091K, committed 8000K, reserved 1048576K
}
Event: 25.081 GC heap before
{Heap before GC invocations=13 (full 0):
 garbage-first heap   total 110592K, used 94796K [0x0000000600000000, 0x0000000800000000)
  region size 4096K, 15 young (61440K), 2 survivors (8192K)
 Metaspace       used 52426K, committed 54208K, reserved 1114112K
  class space    used 7670K, committed 8512K, reserved 1048576K
}
Event: 25.100 GC heap after
{Heap after GC invocations=14 (full 0):
 garbage-first heap   total 110592K, used 45753K [0x0000000600000000, 0x0000000800000000)
  region size 4096K, 2 young (8192K), 2 survivors (8192K)
 Metaspace       used 52426K, committed 54208K, reserved 1114112K
  class space    used 7670K, committed 8512K, reserved 1048576K
}
Event: 32.330 GC heap before
{Heap before GC invocations=14 (full 0):
 garbage-first heap   total 110592K, used 99001K [0x0000000600000000, 0x0000000800000000)
  region size 4096K, 14 young (57344K), 2 survivors (8192K)
 Metaspace       used 57031K, committed 58944K, reserved 1114112K
  class space    used 8364K, committed 9280K, reserved 1048576K
}

