# JRE version: OpenJDK Runtime Environment Temurin-21.0.10+7 (21.0.10+7) (build 21.0.10+7-LTS)
# Java VM: OpenJDK 64-Bit Server VM Temurin-21.0.10+7 (21.0.10+7-LTS, mixed mode, sharing, tiered, compressed oops, compressed class ptrs, parallel gc, windows-amd64)
GC Precious Log:
 CardTable entry size: 512
 CPUs: 8 total, 8 available
 Memory: 7834M
 Large Page Support: Disabled
 NUMA Support: Disabled
 Compressed Oops: Enabled (32-bit)
 Alignments: Space 512K, Generation 512K, Heap 2M
 Heap Min Capacity: 100M
 Heap Initial Capacity: 100M
 Heap Max Capacity: 2G
 Pre-touch: Disabled
 Parallel Workers: 8
Heap:
 PSYoungGen      total 4608K, used 973K [0x00000000d5580000, 0x00000000d5a80000, 0x0000000100000000)
  eden space 4096K, 11% used [0x00000000d5580000,0x00000000d55f85f8,0x00000000d5980000)
  from space 512K, 96% used [0x00000000d5980000,0x00000000d59fb200,0x00000000d5a00000)
  to   space 512K, 0% used [0x00000000d5a00000,0x00000000d5a00000,0x00000000d5a80000)
 ParOldGen       total 1288704K, used 1288678K [0x0000000080000000, 0x00000000cea80000, 0x00000000d5580000)
  object space 1288704K, 99% used [0x0000000080000000,0x00000000cea798c8,0x00000000cea80000)
 Metaspace       used 78473K, committed 80064K, reserved 1179648K
  class space    used 9652K, committed 10368K, reserved 1048576K
GC Heap History (20 events):
Event: 204.961 GC heap before
{Heap before GC invocations=2395 (full 3):
 PSYoungGen      total 2048K, used 1819K [0x00000000d5580000, 0x00000000d5880000, 0x0000000100000000)
  eden space 1536K, 100% used [0x00000000d5580000,0x00000000d5700000,0x00000000d5700000)
  from space 512K, 55% used [0x00000000d5700000,0x00000000d5746c08,0x00000000d5780000)
  to   space 512K, 0% used [0x00000000d5800000,0x00000000d5800000,0x00000000d5880000)
 ParOldGen       total 1286144K, used 1286134K [0x0000000080000000, 0x00000000ce800000, 0x00000000d5580000)
  object space 1286144K, 99% used [0x0000000080000000,0x00000000ce7fda78,0x00000000ce800000)
 Metaspace       used 78464K, committed 80064K, reserved 1179648K
  class space    used 9651K, committed 10368K, reserved 1048576K
}
Event: 204.965 GC heap after
{Heap after GC invocations=2395 (full 3):
 PSYoungGen      total 2560K, used 288K [0x00000000d5580000, 0x00000000d5880000, 0x0000000100000000)
  eden space 2048K, 0% used [0x00000000d5580000,0x00000000d5580000,0x00000000d5780000)
  from space 512K, 56% used [0x00000000d5800000,0x00000000d5848000,0x00000000d5880000)
  to   space 512K, 0% used [0x00000000d5780000,0x00000000d5780000,0x00000000d5800000)
 ParOldGen       total 1286656K, used 1286345K [0x0000000080000000, 0x00000000ce880000, 0x00000000d5580000)
  object space 1286656K, 99% used [0x0000000080000000,0x00000000ce832680,0x00000000ce880000)
 Metaspace       used 78464K, committed 80064K, reserved 1179648K
  class space    used 9651K, committed 10368K, reserved 1048576K
}
Event: 204.976 GC heap before
{Heap before GC invocations=2396 (full 3):
 PSYoungGen      total 2560K, used 2336K [0x00000000d5580000, 0x00000000d5880000, 0x0000000100000000)
  eden space 2048K, 100% used [0x00000000d5580000,0x00000000d5780000,0x00000000d5780000)
  from space 512K, 56% used [0x00000000d5800000,0x00000000d5848000,0x00000000d5880000)
  to   space 512K, 0% used [0x00000000d5780000,0x00000000d5780000,0x00000000d5800000)
 ParOldGen       total 1286656K, used 1286345K [0x0000000080000000, 0x00000000ce880000, 0x00000000d5580000)
  object space 1286656K, 99% used [0x0000000080000000,0x00000000ce832680,0x00000000ce880000)
 Metaspace       used 78464K, committed 80064K, reserved 1179648K
  class space    used 9651K, committed 10368K, reserved 1048576K
}
Event: 204.979 GC heap after
{Heap after GC invocations=2396 (full 3):
 PSYoungGen      total 2560K, used 320K [0x00000000d5580000, 0x00000000d5900000, 0x0000000100000000)
  eden space 2048K, 0% used [0x00000000d5580000,0x00000000d5580000,0x00000000d5780000)
  from space 512K, 62% used [0x00000000d5780000,0x00000000d57d0000,0x00000000d5800000)
  to   space 512K, 0% used [0x00000000d5880000,0x00000000d5880000,0x00000000d5900000)
 ParOldGen       total 1286656K, used 1286523K [0x0000000080000000, 0x00000000ce880000, 0x00000000d5580000)
  object space 1286656K, 99% used [0x0000000080000000,0x00000000ce85eeb8,0x00000000ce880000)
 Metaspace       used 78464K, committed 80064K, reserved 1179648K
  class space    used 9651K, committed 10368K, reserved 1048576K
}
Event: 204.992 GC heap before
{Heap before GC invocations=2397 (full 3):
 PSYoungGen      total 2560K, used 2368K [0x00000000d5580000, 0x00000000d5900000, 0x0000000100000000)
  eden space 2048K, 100% used [0x00000000d5580000,0x00000000d5780000,0x00000000d5780000)
  from space 512K, 62% used [0x00000000d5780000,0x00000000d57d0000,0x00000000d5800000)
  to   space 512K, 0% used [0x00000000d5880000,0x00000000d5880000,0x00000000d5900000)
 ParOldGen       total 1286656K, used 1286523K [0x0000000080000000, 0x00000000ce880000, 0x00000000d5580000)
  object space 1286656K, 99% used [0x0000000080000000,0x00000000ce85eeb8,0x00000000ce880000)
 Metaspace       used 78464K, committed 80064K, reserved 1179648K
  class space    used 9651K, committed 10368K, reserved 1048576K
}
Event: 204.995 GC heap after
{Heap after GC invocations=2397 (full 3):
 PSYoungGen      total 3072K, used 352K [0x00000000d5580000, 0x00000000d5900000, 0x0000000100000000)
  eden space 2560K, 0% used [0x00000000d5580000,0x00000000d5580000,0x00000000d5800000)
  from space 512K, 68% used [0x00000000d5880000,0x00000000d58d8000,0x00000000d5900000)
  to   space 512K, 0% used [0x00000000d5800000,0x00000000d5800000,0x00000000d5880000)
 ParOldGen       total 1287168K, used 1286771K [0x0000000080000000, 0x00000000ce900000, 0x00000000d5580000)
  object space 1287168K, 99% used [0x0000000080000000,0x00000000ce89ceb8,0x00000000ce900000)
 Metaspace       used 78464K, committed 80064K, reserved 1179648K
  class space    used 9651K, committed 10368K, reserved 1048576K
}
Event: 205.013 GC heap before
{Heap before GC invocations=2398 (full 3):
 PSYoungGen      total 3072K, used 2903K [0x00000000d5580000, 0x00000000d5900000, 0x0000000100000000)
  eden space 2560K, 99% used [0x00000000d5580000,0x00000000d57fdef0,0x00000000d5800000)
  from space 512K, 68% used [0x00000000d5880000,0x00000000d58d8000,0x00000000d5900000)
  to   space 512K, 0% used [0x00000000d5800000,0x00000000d5800000,0x00000000d5880000)
 ParOldGen       total 1287168K, used 1286771K [0x0000000080000000, 0x00000000ce900000, 0x00000000d5580000)
  object space 1287168K, 99% used [0x0000000080000000,0x00000000ce89ceb8,0x00000000ce900000)
 Metaspace       used 78464K, committed 80064K, reserved 1179648K
  class space    used 9651K, committed 10368K, reserved 1048576K
}
Event: 206.028 GC heap after
{Heap after GC invocations=2398 (full 3):
 PSYoungGen      total 3072K, used 374K [0x00000000d5580000, 0x00000000d5980000, 0x0000000100000000)
  eden space 2560K, 0% used [0x00000000d5580000,0x00000000d5580000,0x00000000d5800000)
  from space 512K, 73% used [0x00000000d5800000,0x00000000d585d808,0x00000000d5880000)
  to   space 512K, 0% used [0x00000000d5900000,0x00000000d5900000,0x00000000d5980000)
 ParOldGen       total 1287168K, used 1287003K [0x0000000080000000, 0x00000000ce900000, 0x00000000d5580000)
  object space 1287168K, 99% used [0x0000000080000000,0x00000000ce8d6eb8,0x00000000ce900000)
 Metaspace       used 78464K, committed 80064K, reserved 1179648K
  class space    used 9651K, committed 10368K, reserved 1048576K
}
Event: 206.037 GC heap before
{Heap before GC invocations=2399 (full 3):
 PSYoungGen      total 3072K, used 2934K [0x00000000d5580000, 0x00000000d5980000, 0x0000000100000000)
  eden space 2560K, 100% used [0x00000000d5580000,0x00000000d5800000,0x00000000d5800000)
  from space 512K, 73% used [0x00000000d5800000,0x00000000d585d808,0x00000000d5880000)
  to   space 512K, 0% used [0x00000000d5900000,0x00000000d5900000,0x00000000d5980000)
 ParOldGen       total 1287168K, used 1287003K [0x0000000080000000, 0x00000000ce900000, 0x00000000d5580000)
  object space 1287168K, 99% used [0x0000000080000000,0x00000000ce8d6eb8,0x00000000ce900000)
 Metaspace       used 78464K, committed 80064K, reserved 1179648K
  class space    used 9651K, committed 10368K, reserved 1048576K
}
Event: 206.045 GC heap after
{Heap after GC invocations=2399 (full 3):
 PSYoungGen      total 3072K, used 384K [0x00000000d5580000, 0x00000000d5980000, 0x0000000100000000)
  eden space 2560K, 0% used [0x00000000d5580000,0x00000000d5580000,0x00000000d5800000)
  from space 512K, 75% used [0x00000000d5900000,0x00000000d5960000,0x00000000d5980000)
  to   space 512K, 0% used [0x00000000d5800000,0x00000000d5800000,0x00000000d5880000)
 ParOldGen       total 1287680K, used 1287297K [0x0000000080000000, 0x00000000ce980000, 0x00000000d5580000)
  object space 1287680K, 99% used [0x0000000080000000,0x00000000ce9206c0,0x00000000ce980000)
 Metaspace       used 78464K, committed 80064K, reserved 1179648K
  class space    used 9651K, committed 10368K, reserved 1048576K
}
Event: 206.055 GC heap before
{Heap before GC invocations=2400 (full 3):
 PSYoungGen      total 3072K, used 2944K [0x00000000d5580000, 0x00000000d5980000, 0x0000000100000000)
  eden space 2560K, 100% used [0x00000000d5580000,0x00000000d5800000,0x00000000d5800000)
  from space 512K, 75% used [0x00000000d5900000,0x00000000d5960000,0x00000000d5980000)
  to   space 512K, 0% used [0x00000000d5800000,0x00000000d5800000,0x00000000d5880000)
 ParOldGen       total 1287680K, used 1287297K [0x0000000080000000, 0x00000000ce980000, 0x00000000d5580000)
  object space 1287680K, 99% used [0x0000000080000000,0x00000000ce9206c0,0x00000000ce980000)
 Metaspace       used 78464K, committed 80064K, reserved 1179648K
  class space    used 9651K, committed 10368K, reserved 1048576K
}
Event: 206.058 GC heap after
{Heap after GC invocations=2400 (full 3):
 PSYoungGen      total 3072K, used 320K [0x00000000d5580000, 0x00000000d5980000, 0x0000000100000000)
  eden space 2560K, 0% used [0x00000000d5580000,0x00000000d5580000,0x00000000d5800000)
  from space 512K, 62% used [0x00000000d5800000,0x00000000d5850000,0x00000000d5880000)
  to   space 512K, 0% used [0x00000000d5900000,0x00000000d5900000,0x00000000d5980000)
 ParOldGen       total 1287680K, used 1287569K [0x0000000080000000, 0x00000000ce980000, 0x00000000d5580000)
  object space 1287680K, 99% used [0x0000000080000000,0x00000000ce9646c0,0x00000000ce980000)
 Metaspace       used 78464K, committed 80064K, reserved 1179648K
  class space    used 9651K, committed 10368K, reserved 1048576K
}
Event: 206.067 GC heap before
{Heap before GC invocations=2401 (full 3):
 PSYoungGen      total 3072K, used 2880K [0x00000000d5580000, 0x00000000d5980000, 0x0000000100000000)
  eden space 2560K, 100% used [0x00000000d5580000,0x00000000d5800000,0x00000000d5800000)
  from space 512K, 62% used [0x00000000d5800000,0x00000000d5850000,0x00000000d5880000)
  to   space 512K, 0% used [0x00000000d5900000,0x00000000d5900000,0x00000000d5980000)
 ParOldGen       total 1287680K, used 1287569K [0x0000000080000000, 0x00000000ce980000, 0x00000000d5580000)
  object space 1287680K, 99% used [0x0000000080000000,0x00000000ce9646c0,0x00000000ce980000)
 Metaspace       used 78464K, committed 80064K, reserved 1179648K
  class space    used 9651K, committed 10368K, reserved 1048576K
}
Event: 206.070 GC heap after
{Heap after GC invocations=2401 (full 3):
 PSYoungGen      total 3584K, used 417K [0x00000000d5580000, 0x00000000d5980000, 0x0000000100000000)
  eden space 3072K, 0% used [0x00000000d5580000,0x00000000d5580000,0x00000000d5880000)
  from space 512K, 81% used [0x00000000d5900000,0x00000000d5968540,0x00000000d5980000)
  to   space 512K, 0% used [0x00000000d5880000,0x00000000d5880000,0x00000000d5900000)
 ParOldGen       total 1288192K, used 1287841K [0x0000000080000000, 0x00000000cea00000, 0x00000000d5580000)
  object space 1288192K, 99% used [0x0000000080000000,0x00000000ce9a86c0,0x00000000cea00000)
 Metaspace       used 78464K, committed 80064K, reserved 1179648K
  class space    used 9651K, committed 10368K, reserved 1048576K
}
Event: 206.083 GC heap before
{Heap before GC invocations=2402 (full 3):
 PSYoungGen      total 3584K, used 3489K [0x00000000d5580000, 0x00000000d5980000, 0x0000000100000000)
  eden space 3072K, 99% used [0x00000000d5580000,0x00000000d587fff0,0x00000000d5880000)
  from space 512K, 81% used [0x00000000d5900000,0x00000000d5968540,0x00000000d5980000)
  to   space 512K, 0% used [0x00000000d5880000,0x00000000d5880000,0x00000000d5900000)
 ParOldGen       total 1288192K, used 1287841K [0x0000000080000000, 0x00000000cea00000, 0x00000000d5580000)
  object space 1288192K, 99% used [0x0000000080000000,0x00000000ce9a86c0,0x00000000cea00000)
 Metaspace       used 78464K, committed 80064K, reserved 1179648K
  class space    used 9651K, committed 10368K, reserved 1048576K
}
Event: 206.087 GC heap after
{Heap after GC invocations=2402 (full 3):
 PSYoungGen      total 3584K, used 416K [0x00000000d5580000, 0x00000000d5a80000, 0x0000000100000000)
  eden space 3072K, 0% used [0x00000000d5580000,0x00000000d5580000,0x00000000d5880000)
  from space 512K, 81% used [0x00000000d5880000,0x00000000d58e8000,0x00000000d5900000)
  to   space 512K, 0% used [0x00000000d5a00000,0x00000000d5a00000,0x00000000d5a80000)
 ParOldGen       total 1288192K, used 1288097K [0x0000000080000000, 0x00000000cea00000, 0x00000000d5580000)
  object space 1288192K, 99% used [0x0000000080000000,0x00000000ce9e86c0,0x00000000cea00000)
 Metaspace       used 78464K, committed 80064K, reserved 1179648K
  class space    used 9651K, committed 10368K, reserved 1048576K
}
Event: 206.096 GC heap before
{Heap before GC invocations=2403 (full 3):
 PSYoungGen      total 3584K, used 3488K [0x00000000d5580000, 0x00000000d5a80000, 0x0000000100000000)
  eden space 3072K, 100% used [0x00000000d5580000,0x00000000d5880000,0x00000000d5880000)
  from space 512K, 81% used [0x00000000d5880000,0x00000000d58e8000,0x00000000d5900000)
  to   space 512K, 0% used [0x00000000d5a00000,0x00000000d5a00000,0x00000000d5a80000)
 ParOldGen       total 1288192K, used 1288097K [0x0000000080000000, 0x00000000cea00000, 0x00000000d5580000)
  object space 1288192K, 99% used [0x0000000080000000,0x00000000ce9e86c0,0x00000000cea00000)
 Metaspace       used 78464K, committed 80064K, reserved 1179648K
  class space    used 9651K, committed 10368K, reserved 1048576K
}
Event: 207.105 GC heap after
{Heap after GC invocations=2403 (full 3):
 PSYoungGen      total 4608K, used 384K [0x00000000d5580000, 0x00000000d5a80000, 0x0000000100000000)
  eden space 4096K, 0% used [0x00000000d5580000,0x00000000d5580000,0x00000000d5980000)
  from space 512K, 75% used [0x00000000d5a00000,0x00000000d5a60000,0x00000000d5a80000)
  to   space 512K, 0% used [0x00000000d5980000,0x00000000d5980000,0x00000000d5a00000)
 ParOldGen       total 1288704K, used 1288409K [0x0000000080000000, 0x00000000cea80000, 0x00000000d5580000)
  object space 1288704K, 99% used [0x0000000080000000,0x00000000cea366c0,0x00000000cea80000)
 Metaspace       used 78464K, committed 80064K, reserved 1179648K
  class space    used 9651K, committed 10368K, reserved 1048576K
}
Event: 207.259 GC heap before
{Heap before GC invocations=2404 (full 3):
 PSYoungGen      total 4608K, used 4475K [0x00000000d5580000, 0x00000000d5a80000, 0x0000000100000000)
  eden space 4096K, 99% used [0x00000000d5580000,0x00000000d597ec78,0x00000000d5980000)
  from space 512K, 75% used [0x00000000d5a00000,0x00000000d5a60000,0x00000000d5a80000)
  to   space 512K, 0% used [0x00000000d5980000,0x00000000d5980000,0x00000000d5a00000)
 ParOldGen       total 1288704K, used 1288409K [0x0000000080000000, 0x00000000cea80000, 0x00000000d5580000)
  object space 1288704K, 99% used [0x0000000080000000,0x00000000cea366c0,0x00000000cea80000)
 Metaspace       used 78464K, committed 80064K, reserved 1179648K
  class space    used 9651K, committed 10368K, reserved 1048576K
}
Event: 209.285 GC heap after
{Heap after GC invocations=2404 (full 3):
 PSYoungGen      total 4608K, used 492K [0x00000000d5580000, 0x00000000d5a80000, 0x0000000100000000)
  eden space 4096K, 0% used [0x00000000d5580000,0x00000000d5580000,0x00000000d5980000)
  from space 512K, 96% used [0x00000000d5980000,0x00000000d59fb200,0x00000000d5a00000)
  to   space 512K, 0% used [0x00000000d5a00000,0x00000000d5a00000,0x00000000d5a80000)
 ParOldGen       total 1288704K, used 1288678K [0x0000000080000000, 0x00000000cea80000, 0x00000000d5580000)
  object space 1288704K, 99% used [0x0000000080000000,0x00000000cea798c8,0x00000000cea80000)
 Metaspace       used 78464K, committed 80064K, reserved 1179648K
  class space    used 9651K, committed 10368K, reserved 1048576K
}

