# JRE version: Java(TM) SE Runtime Environment (21.0.9+7) (build 21.0.9+7-LTS-338)
# Java VM: Java HotSpot(TM) 64-Bit Server VM (21.0.9+7-LTS-338, mixed mode, sharing, tiered, compressed oops, compressed class ptrs, g1 gc, windows-amd64)
GC Precious Log:
 CardTable entry size: 512
 Card Set container configuration: InlinePtr #cards 4 size 8 Array Of Cards #cards 32 size 80 Howl #buckets 8 coarsen threshold 7372 Howl Bitmap #cards 1024 size 144 coarsen threshold 921 Card regions per heap region 1 cards per card region 8192
 CPUs: 8 total, 8 available
 Memory: 7834M
 Large Page Support: Disabled
 NUMA Support: Disabled
 Compressed Oops: Enabled (Zero based)
 Heap Region Size: 4M
 Heap Min Capacity: 8M
 Heap Initial Capacity: 124M
 Heap Max Capacity: 8G
 Pre-touch: Disabled
 Parallel Workers: 8
 Concurrent Workers: 2
 Concurrent Refinement Workers: 8
 Periodic GC: Disabled
Heap:
 garbage-first heap   total 491520K, used 234900K [0x0000000600000000, 0x0000000800000000)
  region size 4096K, 18 young (73728K), 4 survivors (16384K)
 Metaspace       used 135774K, committed 138752K, reserved 1179648K
  class space    used 17902K, committed 19392K, reserved 1048576K
GC Heap History (20 events):
Event: 400.641 GC heap before
{Heap before GC invocations=71 (full 0):
 garbage-first heap   total 409600K, used 351162K [0x0000000600000000, 0x0000000800000000)
  region size 4096K, 46 young (188416K), 7 survivors (28672K)
 Metaspace       used 133145K, committed 136064K, reserved 1179648K
  class space    used 17707K, committed 19200K, reserved 1048576K
}
Event: 400.765 GC heap after
{Heap after GC invocations=72 (full 0):
 garbage-first heap   total 409600K, used 182381K [0x0000000600000000, 0x0000000800000000)
  region size 4096K, 3 young (12288K), 3 survivors (12288K)
 Metaspace       used 133145K, committed 136064K, reserved 1179648K
  class space    used 17707K, committed 19200K, reserved 1048576K
}
Event: 432.801 GC heap before
{Heap before GC invocations=73 (full 0):
 garbage-first heap   total 409600K, used 370797K [0x0000000600000000, 0x0000000800000000)
  region size 4096K, 49 young (200704K), 3 survivors (12288K)
 Metaspace       used 133670K, committed 136576K, reserved 1179648K
  class space    used 17758K, committed 19264K, reserved 1048576K
}
Event: 432.977 GC heap after
{Heap after GC invocations=74 (full 0):
 garbage-first heap   total 409600K, used 176687K [0x0000000600000000, 0x0000000800000000)
  region size 4096K, 2 young (8192K), 2 survivors (8192K)
 Metaspace       used 133670K, committed 136576K, reserved 1179648K
  class space    used 17758K, committed 19264K, reserved 1048576K
}
Event: 462.224 GC heap before
{Heap before GC invocations=74 (full 0):
 garbage-first heap   total 409600K, used 373295K [0x0000000600000000, 0x0000000800000000)
  region size 4096K, 50 young (204800K), 2 survivors (8192K)
 Metaspace       used 133791K, committed 136768K, reserved 1179648K
  class space    used 17760K, committed 19264K, reserved 1048576K
}
Event: 462.328 GC heap after
{Heap after GC invocations=75 (full 0):
 garbage-first heap   total 409600K, used 157517K [0x0000000600000000, 0x0000000800000000)
  region size 4096K, 1 young (4096K), 1 survivors (4096K)
 Metaspace       used 133791K, committed 136768K, reserved 1179648K
  class space    used 17760K, committed 19264K, reserved 1048576K
}
Event: 484.913 GC heap before
{Heap before GC invocations=75 (full 0):
 garbage-first heap   total 409600K, used 382797K [0x0000000600000000, 0x0000000800000000)
  region size 4096K, 56 young (229376K), 1 survivors (4096K)
 Metaspace       used 133974K, committed 136960K, reserved 1179648K
  class space    used 17762K, committed 19264K, reserved 1048576K
}
Event: 485.142 GC heap after
{Heap after GC invocations=76 (full 0):
 garbage-first heap   total 409600K, used 170747K [0x0000000600000000, 0x0000000800000000)
  region size 4096K, 5 young (20480K), 5 survivors (20480K)
 Metaspace       used 133974K, committed 136960K, reserved 1179648K
  class space    used 17762K, committed 19264K, reserved 1048576K
}
Event: 527.461 GC heap before
{Heap before GC invocations=76 (full 0):
 garbage-first heap   total 409600K, used 322299K [0x0000000600000000, 0x0000000800000000)
  region size 4096K, 42 young (172032K), 5 survivors (20480K)
 Metaspace       used 134509K, committed 137472K, reserved 1179648K
  class space    used 17840K, committed 19328K, reserved 1048576K
}
Event: 527.574 GC heap after
{Heap after GC invocations=77 (full 0):
 garbage-first heap   total 409600K, used 164200K [0x0000000600000000, 0x0000000800000000)
  region size 4096K, 2 young (8192K), 2 survivors (8192K)
 Metaspace       used 134509K, committed 137472K, reserved 1179648K
  class space    used 17840K, committed 19328K, reserved 1048576K
}
Event: 536.605 GC heap before
{Heap before GC invocations=78 (full 0):
 garbage-first heap   total 409600K, used 377192K [0x0000000600000000, 0x0000000800000000)
  region size 4096K, 54 young (221184K), 2 survivors (8192K)
 Metaspace       used 134834K, committed 137856K, reserved 1179648K
  class space    used 17869K, committed 19392K, reserved 1048576K
}
Event: 536.720 GC heap after
{Heap after GC invocations=79 (full 0):
 garbage-first heap   total 409600K, used 181745K [0x0000000600000000, 0x0000000800000000)
  region size 4096K, 6 young (24576K), 6 survivors (24576K)
 Metaspace       used 134834K, committed 137856K, reserved 1179648K
  class space    used 17869K, committed 19392K, reserved 1048576K
}
Event: 545.834 GC heap before
{Heap before GC invocations=79 (full 0):
 garbage-first heap   total 409600K, used 361969K [0x0000000600000000, 0x0000000800000000)
  region size 4096K, 50 young (204800K), 6 survivors (24576K)
 Metaspace       used 135084K, committed 138048K, reserved 1179648K
  class space    used 17891K, committed 19392K, reserved 1048576K
}
Event: 545.915 GC heap after
{Heap after GC invocations=80 (full 0):
 garbage-first heap   total 491520K, used 169894K [0x0000000600000000, 0x0000000800000000)
  region size 4096K, 3 young (12288K), 3 survivors (12288K)
 Metaspace       used 135084K, committed 138048K, reserved 1179648K
  class space    used 17891K, committed 19392K, reserved 1048576K
}
Event: 557.412 GC heap before
{Heap before GC invocations=80 (full 0):
 garbage-first heap   total 491520K, used 440230K [0x0000000600000000, 0x0000000800000000)
  region size 4096K, 69 young (282624K), 3 survivors (12288K)
 Metaspace       used 135289K, committed 138240K, reserved 1179648K
  class space    used 17895K, committed 19392K, reserved 1048576K
}
Event: 557.698 GC heap after
{Heap after GC invocations=81 (full 0):
 garbage-first heap   total 491520K, used 173595K [0x0000000600000000, 0x0000000800000000)
  region size 4096K, 5 young (20480K), 5 survivors (20480K)
 Metaspace       used 135289K, committed 138240K, reserved 1179648K
  class space    used 17895K, committed 19392K, reserved 1048576K
}
Event: 591.249 GC heap before
{Heap before GC invocations=81 (full 0):
 garbage-first heap   total 491520K, used 443931K [0x0000000600000000, 0x0000000800000000)
  region size 4096K, 71 young (290816K), 5 survivors (20480K)
 Metaspace       used 135534K, committed 138560K, reserved 1179648K
  class space    used 17896K, committed 19392K, reserved 1048576K
}
Event: 591.559 GC heap after
{Heap after GC invocations=82 (full 0):
 garbage-first heap   total 491520K, used 170580K [0x0000000600000000, 0x0000000800000000)
  region size 4096K, 4 young (16384K), 4 survivors (16384K)
 Metaspace       used 135534K, committed 138560K, reserved 1179648K
  class space    used 17896K, committed 19392K, reserved 1048576K
}
Event: 598.678 GC heap before
{Heap before GC invocations=82 (full 0):
 garbage-first heap   total 491520K, used 268884K [0x0000000600000000, 0x0000000800000000)
  region size 4096K, 28 young (114688K), 4 survivors (16384K)
 Metaspace       used 135690K, committed 138688K, reserved 1179648K
  class space    used 17901K, committed 19392K, reserved 1048576K
}
Event: 598.805 GC heap after
{Heap after GC invocations=83 (full 0):
 garbage-first heap   total 491520K, used 181652K [0x0000000600000000, 0x0000000800000000)
  region size 4096K, 4 young (16384K), 4 survivors (16384K)
 Metaspace       used 135690K, committed 138688K, reserved 1179648K
  class space    used 17901K, committed 19392K, reserved 1048576K
}

